2023-11-27 09:10:40,041 [INFO] Activator:176 - 


2023-11-27 09:10:40,049 [INFO] Activator:177 - !SESSION log4j initialized
2023-11-27 09:10:46,548 [INFO] LogOutputStream:77 - [STDOUT_REDIRECT] 
2023-11-27 09:10:50,734 [INFO] ApplicationProperties:184 - Using Application install path: C:\ST\STM32CubeIDE_1.13.2\STM32CubeIDE\plugins\com.st.stm32cube.common.mx_6.9.2.202309101412
2023-11-27 09:10:50,750 [INFO] DbMcusXml:78 - Set database path to: C:\ST\STM32CubeIDE_1.13.2\STM32CubeIDE\plugins\com.st.stm32cube.common.mx_6.9.2.202309101412\\db\/mcu/
2023-11-27 09:10:50,750 [INFO] ApiDb:274 - Set plugin database path to: C:\ST\STM32CubeIDE_1.13.2\STM32CubeIDE\plugins\com.st.stm32cube.common.mx_6.9.2.202309101412\\db\/plugins/boardmanager/
2023-11-27 09:10:50,750 [WARN] ApiDb:259 - Overriding images path with different value:  => C:\ST\STM32CubeIDE_1.13.2\STM32CubeIDE\plugins\com.st.stm32cube.common.mx_6.9.2.202309101412\\db\/plugins/mcufinder/images/
2023-11-27 09:10:50,766 [INFO] ApiDb:250 - Set database path to: C:\Users\entwu\.stmcufinder\plugins\mcufinder//mcu/
2023-11-27 09:10:50,781 [INFO] DbMcusAds:125 - Set database path to: C:\Users\entwu\.stmcufinder\plugins\mcufinder//mcu/
2023-11-27 09:10:50,781 [INFO] CrossReferenceDbSqlite:203 - Set database path to: C:\Users\entwu\.stmcufinder\plugins\mcufinder//mcu/cs/
2023-11-27 09:10:50,906 [INFO] RulesReader:64 - Compatibility file has been processed (293 Rules)
2023-11-27 09:10:51,000 [INFO] DbMcusXml:78 - Set database path to: C:\ST\STM32CubeIDE_1.13.2\STM32CubeIDE\plugins\com.st.stm32cube.common.mx_6.9.2.202309101412\\db\/mcu/
2023-11-27 09:10:51,000 [INFO] ApiDb:274 - Set plugin database path to: C:\ST\STM32CubeIDE_1.13.2\STM32CubeIDE\plugins\com.st.stm32cube.common.mx_6.9.2.202309101412\\db\/plugins/boardmanager/
2023-11-27 09:10:51,000 [INFO] ApiDb:261 - Set plugin images path to: C:\ST\STM32CubeIDE_1.13.2\STM32CubeIDE\plugins\com.st.stm32cube.common.mx_6.9.2.202309101412\\db\/plugins/mcufinder/images/
2023-11-27 09:10:51,000 [WARN] DbFile:41 - Overriding database path with different value: C:\Users\entwu\.stmcufinder\plugins\mcufinder/ => C:\Users\entwu\.stmcufinder\plugins\mcufinder
2023-11-27 09:10:51,000 [INFO] ApiDb:250 - Set database path to: C:\Users\entwu\.stmcufinder\plugins\mcufinder//mcu/
2023-11-27 09:10:51,000 [WARN] DbFile:41 - Overriding database path with different value: C:\Users\entwu\.stmcufinder\plugins\mcufinder/ => C:\Users\entwu\.stmcufinder\plugins\mcufinder
2023-11-27 09:10:51,000 [INFO] DbMcusAds:125 - Set database path to: C:\Users\entwu\.stmcufinder\plugins\mcufinder//mcu/
2023-11-27 09:10:51,000 [WARN] DbFile:41 - Overriding database path with different value: C:\Users\entwu\.stmcufinder\plugins\mcufinder/ => C:\Users\entwu\.stmcufinder\plugins\mcufinder
2023-11-27 09:10:51,000 [WARN] DbFile:41 - Overriding database path with different value: C:\Users\entwu\.stmcufinder\plugins\mcufinder/ => C:\Users\entwu\.stmcufinder\plugins\mcufinder
2023-11-27 09:10:51,000 [INFO] CrossReferenceDbSqlite:203 - Set database path to: C:\Users\entwu\.stmcufinder\plugins\mcufinder//mcu/cs/
2023-11-27 09:10:51,078 [INFO] MainPanel:262 - HeapMemory: 268435456
2023-11-27 09:10:51,187 [INFO] DbMcusXml:78 - Set database path to: C:\ST\STM32CubeIDE_1.13.2\STM32CubeIDE\plugins\com.st.stm32cube.common.mx_6.9.2.202309101412\\db\/mcu/
2023-11-27 09:10:51,187 [INFO] ApiDb:274 - Set plugin database path to: C:\ST\STM32CubeIDE_1.13.2\STM32CubeIDE\plugins\com.st.stm32cube.common.mx_6.9.2.202309101412\\db\/plugins/boardmanager/
2023-11-27 09:10:51,187 [INFO] ApiDb:261 - Set plugin images path to: C:\ST\STM32CubeIDE_1.13.2\STM32CubeIDE\plugins\com.st.stm32cube.common.mx_6.9.2.202309101412\\db\/plugins/mcufinder/images/
2023-11-27 09:10:51,187 [WARN] DbFile:41 - Overriding database path with different value: C:\Users\entwu\.stmcufinder\plugins\mcufinder/ => C:\Users\entwu\.stmcufinder\plugins\mcufinder
2023-11-27 09:10:51,187 [INFO] ApiDb:250 - Set database path to: C:\Users\entwu\.stmcufinder\plugins\mcufinder//mcu/
2023-11-27 09:10:51,187 [WARN] DbFile:41 - Overriding database path with different value: C:\Users\entwu\.stmcufinder\plugins\mcufinder/ => C:\Users\entwu\.stmcufinder\plugins\mcufinder
2023-11-27 09:10:51,187 [INFO] DbMcusAds:125 - Set database path to: C:\Users\entwu\.stmcufinder\plugins\mcufinder//mcu/
2023-11-27 09:10:51,187 [WARN] DbFile:41 - Overriding database path with different value: C:\Users\entwu\.stmcufinder\plugins\mcufinder/ => C:\Users\entwu\.stmcufinder\plugins\mcufinder
2023-11-27 09:10:51,187 [WARN] DbFile:41 - Overriding database path with different value: C:\Users\entwu\.stmcufinder\plugins\mcufinder/ => C:\Users\entwu\.stmcufinder\plugins\mcufinder
2023-11-27 09:10:51,187 [INFO] CrossReferenceDbSqlite:203 - Set database path to: C:\Users\entwu\.stmcufinder\plugins\mcufinder//mcu/cs/
2023-11-27 09:10:51,219 [INFO] ApplicationProperties:184 - Using Application install path: C:\ST\STM32CubeIDE_1.13.2\STM32CubeIDE\plugins\com.st.stm32cube.common.mx_6.9.2.202309101412
2023-11-27 09:10:51,219 [INFO] PluginManage:196 - Search for loadable plugins [exclusion list=, ]
2023-11-27 09:10:51,219 [INFO] PluginManage:310 - Check plugin analytics
2023-11-27 09:10:51,406 [INFO] AnalyticsPlugin:253 - Accepted Software Licenses: STM32CubeMX.6.9.2
2023-11-27 09:10:51,406 [INFO] AnalyticsPlugin:255 - Accepted CMSIS Pack Licenses: STMicroelectronics.X-CUBE-AZRTOS-F4.1.1.0
2023-11-27 09:10:51,406 [INFO] AnalyticsPlugin:257 - Accepted Firmware Licenses: FW.F4.1.27.0
2023-11-27 09:10:51,422 [INFO] PluginManage:359 - Loaded plugin analytics (category:tool,tabindex:-1)
2023-11-27 09:10:51,422 [INFO] PluginManage:310 - Check plugin cadmodel
2023-11-27 09:10:51,437 [INFO] CADModel:105 - Init CAD model plugin
2023-11-27 09:10:51,437 [INFO] PluginManage:359 - Loaded plugin cadmodel (category:power,tabindex:5)
2023-11-27 09:10:51,437 [INFO] PluginManage:310 - Check plugin clock
2023-11-27 09:10:51,453 [INFO] PluginManage:359 - Loaded plugin clock (category:base,tabindex:2)
2023-11-27 09:10:51,453 [INFO] PluginManage:310 - Check plugin ddr
2023-11-27 09:10:51,453 [INFO] PluginManage:359 - Loaded plugin ddr (category:tool,tabindex:6)
2023-11-27 09:10:51,453 [INFO] PluginManage:310 - Check plugin filemanager
2023-11-27 09:10:51,609 [INFO] PluginManage:359 - Loaded plugin filemanager (category:base,tabindex:10)
2023-11-27 09:10:51,609 [INFO] PluginManage:310 - Check plugin ipmanager
2023-11-27 09:10:51,627 [INFO] PluginManage:359 - Loaded plugin ipmanager (category:base,tabindex:5)
2023-11-27 09:10:51,627 [INFO] PluginManage:310 - Check plugin lpbam
2023-11-27 09:10:51,643 [INFO] PluginManage:359 - Loaded plugin lpbam (category:base,tabindex:0)
2023-11-27 09:10:51,643 [INFO] PluginManage:310 - Check plugin memorymap
2023-11-27 09:10:51,674 [INFO] PluginManage:359 - Loaded plugin memorymap (category:base,tabindex:4)
2023-11-27 09:10:51,674 [INFO] PluginManage:310 - Check plugin pinoutandconfiguration
2023-11-27 09:10:51,690 [INFO] PluginManage:359 - Loaded plugin pinoutandconfiguration (category:base,tabindex:1)
2023-11-27 09:10:51,690 [INFO] PluginManage:310 - Check plugin pinoutconfig
2023-11-27 09:10:51,802 [WARN] SupportedApi:132 - Cannot load RTOS API schema: s4s-elt-must-match.1: The content of 'definitions' must match (annotation?, (simpleType | complexType)?, (unique | key | keyref)*)). A problem was found starting at: attribute.
2023-11-27 09:10:51,942 [INFO] PluginManage:359 - Loaded plugin pinoutconfig (category:base,tabindex:0)
2023-11-27 09:10:51,942 [INFO] PluginManage:310 - Check plugin power
2023-11-27 09:10:51,958 [INFO] PluginManage:359 - Loaded plugin power (category:power,tabindex:4)
2023-11-27 09:10:51,958 [INFO] PluginManage:310 - Check plugin projectmanager
2023-11-27 09:10:51,985 [INFO] PluginManage:359 - Loaded plugin projectmanager (category:projectmanager,tabindex:3)
2023-11-27 09:10:51,985 [INFO] PluginManage:310 - Check plugin thirdparty
2023-11-27 09:10:52,282 [INFO] PluginManage:359 - Loaded plugin thirdparty (category:base,tabindex:-1)
2023-11-27 09:10:52,282 [WARN] IntegrityCheckThread:84 - waiting for thirdparty lock release [integrity check]
2023-11-27 09:10:52,282 [INFO] PluginManage:310 - Check plugin tools
2023-11-27 09:10:52,287 [INFO] IntegrityCheckThread:86 - entering critical section [integrity check]
2023-11-27 09:10:52,287 [INFO] ThirdPartyUpdaterWithRetryManager:70 - Updater plugin not ready yet. [1/15]
2023-11-27 09:10:52,319 [INFO] PluginManage:359 - Loaded plugin tools (category:base,tabindex:7)
2023-11-27 09:10:52,319 [INFO] PluginManage:310 - Check plugin tutovideos
2023-11-27 09:10:52,537 [INFO] PluginManage:359 - Loaded plugin tutovideos (category:base,tabindex:-1)
2023-11-27 09:10:52,537 [INFO] PluginManage:310 - Check plugin updater
2023-11-27 09:10:52,553 [INFO] PluginManage:359 - Loaded plugin updater (category:base,tabindex:12)
2023-11-27 09:10:52,553 [INFO] PluginManage:310 - Check plugin userauth
2023-11-27 09:10:52,569 [INFO] UserAuth:113 - Init User Auth plugin
2023-11-27 09:10:52,569 [INFO] PluginManage:359 - Loaded plugin userauth (category:base,tabindex:14)
2023-11-27 09:10:52,569 [INFO] PluginManage:283 - PluginManage : Loaded plugins [17]
2023-11-27 09:10:52,797 [INFO] PinOutPanel:1499 - setPackage(No Configuration,No Configuration)
2023-11-27 09:10:52,906 [INFO] CADModel:165 - CPN selected for project level
2023-11-27 09:10:52,906 [INFO] CADModel:114 - Register for checkConnection events
2023-11-27 09:10:52,922 [INFO] IPUIPlugin:80 - create IPUIPlugin
2023-11-27 09:10:52,922 [INFO] PluginManager:220 - loadIPPluginJar : add adc
2023-11-27 09:10:52,953 [INFO] IPUIPlugin:80 - create IPUIPlugin
2023-11-27 09:10:52,953 [INFO] PluginManager:220 - loadIPPluginJar : add aes
2023-11-27 09:10:53,000 [INFO] IPUIPlugin:80 - create IPUIPlugin
2023-11-27 09:10:53,000 [INFO] PluginManager:220 - loadIPPluginJar : add can
2023-11-27 09:10:53,015 [INFO] IPUIPlugin:80 - create IPUIPlugin
2023-11-27 09:10:53,015 [INFO] PluginManager:220 - loadIPPluginJar : add comp
2023-11-27 09:10:53,047 [INFO] IPUIPlugin:80 - create IPUIPlugin
2023-11-27 09:10:53,047 [INFO] PluginManager:220 - loadIPPluginJar : add cryp
2023-11-27 09:10:53,078 [INFO] IPUIPlugin:80 - create IPUIPlugin
2023-11-27 09:10:53,078 [INFO] PluginManager:220 - loadIPPluginJar : add dfsdm
2023-11-27 09:10:53,094 [INFO] IPUIPlugin:80 - create IPUIPlugin
2023-11-27 09:10:53,094 [INFO] PluginManager:220 - loadIPPluginJar : add dma
2023-11-27 09:10:53,125 [INFO] IPUIPlugin:80 - create IPUIPlugin
2023-11-27 09:10:53,125 [INFO] PluginManager:220 - loadIPPluginJar : add dma3
2023-11-27 09:10:53,140 [INFO] IPUIPlugin:80 - create IPUIPlugin
2023-11-27 09:10:53,140 [INFO] PluginManager:220 - loadIPPluginJar : add fatfs
2023-11-27 09:10:53,203 [INFO] IPUIPlugin:80 - create IPUIPlugin
2023-11-27 09:10:53,203 [INFO] PluginManager:220 - loadIPPluginJar : add fmc
2023-11-27 09:10:53,219 [INFO] IPUIPlugin:80 - create IPUIPlugin
2023-11-27 09:10:53,219 [INFO] PluginManager:220 - loadIPPluginJar : add freertos
2023-11-27 09:10:53,234 [INFO] IPUIPlugin:80 - create IPUIPlugin
2023-11-27 09:10:53,234 [INFO] PluginManager:220 - loadIPPluginJar : add genericplugin
2023-11-27 09:10:53,312 [INFO] IPUIPlugin:80 - create IPUIPlugin
2023-11-27 09:10:53,312 [INFO] PluginManager:220 - loadIPPluginJar : add gfxmmu
2023-11-27 09:10:53,469 [INFO] IPUIPlugin:80 - create IPUIPlugin
2023-11-27 09:10:53,469 [INFO] PluginManager:220 - loadIPPluginJar : add gic
2023-11-27 09:10:53,484 [INFO] IPUIPlugin:80 - create IPUIPlugin
2023-11-27 09:10:53,484 [INFO] PluginManager:220 - loadIPPluginJar : add gpio
2023-11-27 09:10:53,562 [INFO] IPUIPlugin:80 - create IPUIPlugin
2023-11-27 09:10:53,562 [INFO] PluginManager:220 - loadIPPluginJar : add gtzc
2023-11-27 09:10:53,594 [INFO] IPUIPlugin:80 - create IPUIPlugin
2023-11-27 09:10:53,594 [INFO] PluginManager:220 - loadIPPluginJar : add hash
2023-11-27 09:10:53,640 [INFO] IPUIPlugin:80 - create IPUIPlugin
2023-11-27 09:10:53,640 [INFO] PluginManager:220 - loadIPPluginJar : add i2c
2023-11-27 09:10:53,689 [INFO] IPUIPlugin:80 - create IPUIPlugin
2023-11-27 09:10:53,689 [INFO] PluginManager:220 - loadIPPluginJar : add i2s
2023-11-27 09:10:53,724 [INFO] IPUIPlugin:80 - create IPUIPlugin
2023-11-27 09:10:53,724 [INFO] PluginManager:220 - loadIPPluginJar : add i3c
2023-11-27 09:10:53,833 [INFO] IPUIPlugin:80 - create IPUIPlugin
2023-11-27 09:10:53,833 [INFO] PluginManager:220 - loadIPPluginJar : add ipddr
2023-11-27 09:10:53,911 [INFO] IPUIPlugin:80 - create IPUIPlugin
2023-11-27 09:10:53,911 [INFO] PluginManager:220 - loadIPPluginJar : add linkedlist
2023-11-27 09:10:53,943 [INFO] IPUIPlugin:80 - create IPUIPlugin
2023-11-27 09:10:53,943 [INFO] PluginManager:220 - loadIPPluginJar : add lorawan
2023-11-27 09:10:53,974 [INFO] IPUIPlugin:80 - create IPUIPlugin
2023-11-27 09:10:53,974 [INFO] PluginManager:220 - loadIPPluginJar : add ltdc
2023-11-27 09:10:53,989 [INFO] IPUIPlugin:80 - create IPUIPlugin
2023-11-27 09:10:53,989 [INFO] PluginManager:220 - loadIPPluginJar : add mdma
2023-11-27 09:10:53,989 [INFO] IPUIPlugin:80 - create IPUIPlugin
2023-11-27 09:10:53,989 [INFO] PluginManager:220 - loadIPPluginJar : add nvic
2023-11-27 09:10:54,021 [INFO] IPUIPlugin:80 - create IPUIPlugin
2023-11-27 09:10:54,021 [INFO] PluginManager:220 - loadIPPluginJar : add opamp
2023-11-27 09:10:54,083 [INFO] IPUIPlugin:80 - create IPUIPlugin
2023-11-27 09:10:54,083 [INFO] PluginManager:220 - loadIPPluginJar : add openamp
2023-11-27 09:10:54,114 [INFO] IPUIPlugin:80 - create IPUIPlugin
2023-11-27 09:10:54,114 [INFO] PluginManager:220 - loadIPPluginJar : add pdm2pcm
2023-11-27 09:10:54,130 [INFO] IPUIPlugin:80 - create IPUIPlugin
2023-11-27 09:10:54,130 [INFO] PluginManager:220 - loadIPPluginJar : add plateformsettings
2023-11-27 09:10:54,161 [INFO] IPUIPlugin:80 - create IPUIPlugin
2023-11-27 09:10:54,161 [INFO] PluginManager:220 - loadIPPluginJar : add quadspi
2023-11-27 09:10:54,161 [INFO] IPUIPlugin:80 - create IPUIPlugin
2023-11-27 09:10:54,161 [INFO] PluginManager:220 - loadIPPluginJar : add resmgrutility
2023-11-27 09:10:54,208 [INFO] IPUIPlugin:80 - create IPUIPlugin
2023-11-27 09:10:54,208 [INFO] PluginManager:220 - loadIPPluginJar : add sai
2023-11-27 09:10:54,239 [INFO] IPUIPlugin:80 - create IPUIPlugin
2023-11-27 09:10:54,239 [INFO] PluginManager:220 - loadIPPluginJar : add spi
2023-11-27 09:10:54,302 [INFO] IPUIPlugin:80 - create IPUIPlugin
2023-11-27 09:10:54,302 [INFO] PluginManager:220 - loadIPPluginJar : add stm32_wpan
2023-11-27 09:10:54,380 [INFO] IPUIPlugin:80 - create IPUIPlugin
2023-11-27 09:10:54,380 [INFO] PluginManager:220 - loadIPPluginJar : add tim
2023-11-27 09:10:54,427 [INFO] IPUIPlugin:80 - create IPUIPlugin
2023-11-27 09:10:54,427 [INFO] PluginManager:220 - loadIPPluginJar : add touchsensing
2023-11-27 09:10:54,458 [INFO] IPUIPlugin:80 - create IPUIPlugin
2023-11-27 09:10:54,458 [INFO] PluginManager:220 - loadIPPluginJar : add tracer_emb
2023-11-27 09:10:54,474 [INFO] IPUIPlugin:80 - create IPUIPlugin
2023-11-27 09:10:54,474 [INFO] PluginManager:220 - loadIPPluginJar : add ts
2023-11-27 09:10:54,489 [INFO] IPUIPlugin:80 - create IPUIPlugin
2023-11-27 09:10:54,489 [INFO] PluginManager:220 - loadIPPluginJar : add tsc
2023-11-27 09:10:54,521 [INFO] IPUIPlugin:80 - create IPUIPlugin
2023-11-27 09:10:54,521 [INFO] PluginManager:220 - loadIPPluginJar : add ucpd
2023-11-27 09:10:54,552 [INFO] IPUIPlugin:80 - create IPUIPlugin
2023-11-27 09:10:54,552 [INFO] PluginManager:220 - loadIPPluginJar : add usart
2023-11-27 09:10:54,599 [INFO] IPUIPlugin:80 - create IPUIPlugin
2023-11-27 09:10:54,599 [INFO] PluginManager:220 - loadIPPluginJar : add usbx
2023-11-27 09:10:54,719 [INFO] CADModel:165 - CPN selected for project level
2023-11-27 09:10:54,719 [INFO] CADModel:114 - Register for checkConnection events
2023-11-27 09:10:54,719 [FATAL] Updater:308 - Updater called before beeing initialized
2023-11-27 09:10:54,719 [ERROR] CADModel:125 - Updater not yet initialized, retry later 
2023-11-27 09:10:54,968 [INFO] CADModel:165 - CPN selected for project level
2023-11-27 09:10:54,968 [INFO] CADModel:114 - Register for checkConnection events
2023-11-27 09:10:54,968 [FATAL] Updater:308 - Updater called before beeing initialized
2023-11-27 09:10:54,968 [ERROR] CADModel:125 - Updater not yet initialized, retry later 
2023-11-27 09:10:54,968 [FATAL] Updater:308 - Updater called before beeing initialized
2023-11-27 09:10:55,078 [FATAL] Updater:308 - Updater called before beeing initialized
2023-11-27 09:10:55,093 [INFO] DbMcusAds:53 - JSON generation date=Tue Mar 07 17:50:55 KST 2023 (1678179055335)
2023-11-27 09:10:55,093 [FATAL] Updater:308 - Updater called before beeing initialized
2023-11-27 09:10:55,187 [WARN] DetailPanel:346 - Failed to get advertising image, set to default
2023-11-27 09:10:55,281 [FATAL] Updater:308 - Updater called before beeing initialized
2023-11-27 09:10:55,296 [INFO] ThirdPartyUpdaterWithRetryManager:70 - Updater plugin not ready yet. [2/15]
2023-11-27 09:10:55,296 [FATAL] Updater:308 - Updater called before beeing initialized
2023-11-27 09:10:55,296 [FATAL] Updater:308 - Updater called before beeing initialized
2023-11-27 09:10:55,296 [WARN] DetailPanel:346 - Failed to get advertising image, set to default
2023-11-27 09:10:55,296 [FATAL] Updater:308 - Updater called before beeing initialized
2023-11-27 09:10:55,369 [ERROR] Updater:1120 - MainUpdater not yet initialized. External WinMGr cannot be set.
2023-11-27 09:10:55,369 [INFO] Updater:1056 - Updater Version found : 6.9.2
2023-11-27 09:10:55,416 [INFO] ApplicationProperties:184 - Using Application install path: C:\ST\STM32CubeIDE_1.13.2\STM32CubeIDE\plugins\com.st.stm32cube.common.mx_6.9.2.202309101412
2023-11-27 09:10:55,776 [INFO] MainUpdater:2868 - connection check result : 10
2023-11-27 09:10:55,776 [INFO] MainUpdater:3562 - Updater definition file requires update
2023-11-27 09:10:55,791 [INFO] MainUpdater:285 - Updater Check For Update Now.
2023-11-27 09:10:55,791 [INFO] MicroXplorer:498 - Change Database Version : DB.6.0.92
2023-11-27 09:10:55,848 [INFO] McuFinderGlobals:63 - Set McuFinder mode to 2 (CubeIDE integrated)
2023-11-27 09:10:55,958 [INFO] ServerAccessManage:473 - Download File updaters.zip
2023-11-27 09:10:56,365 [INFO] FileExtend:240 - Unzip File : updaters.zip
2023-11-27 09:10:56,366 [INFO] FileExtend:255 - Standard Zip Deflate
2023-11-27 09:10:57,193 [INFO] ServerAccessManage:473 - Download File PacksControlFlags.xml
2023-11-27 09:10:57,450 [INFO] ServerAccessManage:473 - Download File cubemx.pidx
2023-11-27 09:10:58,304 [WARN] MainUpdater:1189 - Updater busy. Cannot search thirdparties
2023-11-27 09:10:58,305 [INFO] ThirdPartyUpdaterWithRetryManager:96 - Updater plugin is busy. [1/15]
2023-11-27 09:10:58,815 [INFO] ServerAccessManage:473 - Download File STMicroelectronics.X-CUBE-TOF1.pdsc
2023-11-27 09:11:01,306 [WARN] MainUpdater:1189 - Updater busy. Cannot search thirdparties
2023-11-27 09:11:01,306 [INFO] ThirdPartyUpdaterWithRetryManager:96 - Updater plugin is busy. [2/15]
2023-11-27 09:11:02,031 [ERROR] ServerAccessManage:1089 - Problem, file not found on Server
2023-11-27 09:11:03,581 [ERROR] ServerAccessManage:1096 - Problem, Http access forbiden
2023-11-27 09:11:03,583 [ERROR] ServerAccessManage:651 - Problem, Http access forbiden : RoweBots.I-CUBE-UNISONRTOS.pdsc.
2023-11-27 09:11:03,863 [WARN] PackLoader:240 - Cannot read IP mode file for STMicroelectronics.X-CUBE-TOF1.3.4.0
2023-11-27 09:11:03,891 [INFO] PopulateThirdPartyThread:66 - Ending populate Thread
2023-11-27 09:11:03,892 [INFO] ThirdParty:1030 - CMSIS Pack Vendor :STMicroelectronics X-CUBE-TOF1 3.4.0
2023-11-27 09:11:03,892 [INFO] LoadServerUpdatesThread:373 - End of LoadServerUpdate Thread
2023-11-27 09:11:03,977 [INFO] CheckServerUpdateThread:120 - End of CheckServer Thread
2023-11-27 09:11:04,552 [WARN] PackLoader:240 - Cannot read IP mode file for STMicroelectronics.X-CUBE-SMBUS.2.1.0
2023-11-27 09:11:04,589 [WARN] PackLoader:240 - Cannot read IP mode file for STMicroelectronics.X-CUBE-AZRTOS-F7.1.1.0
2023-11-27 09:11:04,609 [WARN] PackLoader:240 - Cannot read IP mode file for STMicroelectronics.FP-SNS-MOTENV1.4.3.2
2023-11-27 09:11:04,627 [WARN] PackLoader:240 - Cannot read IP mode file for STMicroelectronics.X-CUBE-BLE1.6.2.4
2023-11-27 09:11:04,633 [WARN] PackLoader:240 - Cannot read IP mode file for STMicroelectronics.FP-SNS-FLIGHT1.5.0.2
2023-11-27 09:11:04,651 [WARN] PackLoader:240 - Cannot read IP mode file for STMicroelectronics.X-CUBE-DISPLAY.3.0.0
2023-11-27 09:11:04,670 [WARN] PackLoader:240 - Cannot read IP mode file for STMicroelectronics.X-CUBE-BLE1.7.0.0
2023-11-27 09:11:04,685 [WARN] PackLoader:240 - Cannot read IP mode file for emotas.I-CUBE-CANOPEN.1.3.0
2023-11-27 09:11:04,698 [WARN] PackLoader:240 - Cannot read IP mode file for STMicroelectronics.X-CUBE-TOUCHGFX.4.22.0
2023-11-27 09:11:04,713 [WARN] PackLoader:240 - Cannot read IP mode file for STMicroelectronics.X-CUBE-TOUCHGFX.4.22.1
2023-11-27 09:11:04,728 [WARN] PackLoader:240 - Cannot read IP mode file for STMicroelectronics.FP-SNS-SMARTAG2.1.2.0
2023-11-27 09:11:04,749 [INFO] LogOutputStream:77 - [STDOUT_REDIRECT] 1 : Invalid condition id : UX_CORESTACK_Condition cause : null
2023-11-27 09:11:04,750 [INFO] LogOutputStream:77 - [STDOUT_REDIRECT] 1 : Invalid condition id : UX_CORESTACK_Condition cause : null
2023-11-27 09:11:04,751 [INFO] LogOutputStream:77 - [STDOUT_REDIRECT] 1 : Invalid condition id : UX_CORESTACK_Condition cause : null
2023-11-27 09:11:04,754 [INFO] LogOutputStream:77 - [STDOUT_REDIRECT] 1 : Invalid condition id : UX_CORESTACK_Condition cause : null
2023-11-27 09:11:04,755 [INFO] LogOutputStream:77 - [STDOUT_REDIRECT] 1 : Invalid condition id : UX_CORESTACK_Condition cause : null
2023-11-27 09:11:04,760 [WARN] PackLoader:240 - Cannot read IP mode file for STMicroelectronics.X-CUBE-AZRTOS-WL.2.0.0
2023-11-27 09:11:04,779 [WARN] PackLoader:240 - Cannot read IP mode file for WES.I-CUBE-Cesium.1.3.0
2023-11-27 09:11:04,793 [WARN] PackLoader:240 - Cannot read IP mode file for STMicroelectronics.X-CUBE-BLE2.3.3.0
2023-11-27 09:11:04,816 [WARN] PackLoader:240 - Cannot read IP mode file for STMicroelectronics.X-CUBE-ALGOBUILD.1.3.0
2023-11-27 09:11:04,856 [WARN] PackLoader:240 - Cannot read IP mode file for STMicroelectronics.X-CUBE-AZRTOS-G0.1.1.0
2023-11-27 09:11:04,873 [WARN] PackLoader:240 - Cannot read IP mode file for STMicroelectronics.X-CUBE-NFC4.3.0.0
2023-11-27 09:11:04,893 [WARN] PackLoader:240 - Cannot read IP mode file for STMicroelectronics.X-CUBE-BLEMGR.3.0.0
2023-11-27 09:11:04,901 [WARN] PackLoader:240 - Cannot read IP mode file for STMicroelectronics.FP-ATR-SIGFOX1.3.2.0
2023-11-27 09:11:04,949 [WARN] PackLoader:240 - Cannot read IP mode file for SEGGER.I-CUBE-embOS.1.3.1
2023-11-27 09:11:05,046 [WARN] PackLoader:240 - Cannot read IP mode file for STMicroelectronics.X-CUBE-GNSS1.6.0.0
2023-11-27 09:11:05,082 [WARN] PackLoader:240 - Cannot read IP mode file for STMicroelectronics.X-CUBE-AZRTOS-F4.1.1.0
2023-11-27 09:11:05,237 [WARN] PackLoader:240 - Cannot read IP mode file for wolfSSL.I-CUBE-wolfSSL.5.6.3
2023-11-27 09:11:05,273 [WARN] PackLoader:240 - Cannot read IP mode file for STMicroelectronics.X-CUBE-AZRTOS-L5.2.0.0
2023-11-27 09:11:05,349 [WARN] PackLoader:240 - Cannot read IP mode file for STMicroelectronics.X-CUBE-MEMS1.9.6.0
2023-11-27 09:11:05,515 [WARN] PackLoader:240 - Cannot read IP mode file for STMicroelectronics.X-CUBE-EEPRMA1.4.2.0
2023-11-27 09:11:05,529 [WARN] PackLoader:240 - Cannot read IP mode file for ITTIA_DB.I-CUBE-ITTIADB.8.8.0
2023-11-27 09:11:05,543 [WARN] PackLoader:240 - Cannot read IP mode file for STMicroelectronics.X-CUBE-BLEMGR.2.0.0
2023-11-27 09:11:05,573 [WARN] ConditionMgr:438 - getConditionDescription Invalid condition id : UX DEVICE CLASS RTOS Condition cause : null
2023-11-27 09:11:05,573 [WARN] ConditionMgr:438 - getConditionDescription Invalid condition id : UX DEVICE CLASS RTOS Condition cause : null
2023-11-27 09:11:05,576 [WARN] PackLoader:240 - Cannot read IP mode file for STMicroelectronics.X-CUBE-AZRTOS-H7.3.1.0
2023-11-27 09:11:05,578 [WARN] ConditionMgr:1039 - genDependencies : Invalid condition id : UX DEVICE CLASS RTOS Condition cause : null
2023-11-27 09:11:05,578 [WARN] ConditionMgr:1039 - genDependencies : Invalid condition id : UX DEVICE CLASS RTOS Condition cause : null
2023-11-27 09:11:05,578 [WARN] ConditionMgr:1039 - genDependencies : Invalid condition id : UX DEVICE CLASS RTOS Condition cause : null
2023-11-27 09:11:05,579 [WARN] ConditionMgr:1039 - genDependencies : Invalid condition id : UX DEVICE CLASS RTOS Condition cause : null
2023-11-27 09:11:05,579 [WARN] ConditionMgr:1039 - genDependencies : Invalid condition id : UX DEVICE CLASS RTOS Condition cause : null
2023-11-27 09:11:05,594 [WARN] PackLoader:240 - Cannot read IP mode file for STMicroelectronics.X-CUBE-NFC7.1.0.1
2023-11-27 09:11:05,611 [WARN] PackLoader:240 - Cannot read IP mode file for STMicroelectronics.X-CUBE-NFC6.3.0.0
2023-11-27 09:11:05,625 [WARN] PackLoader:240 - Cannot read IP mode file for STMicroelectronics.X-CUBE-EEPRMA1.4.1.0
2023-11-27 09:11:05,638 [WARN] PackLoader:240 - Cannot read IP mode file for STMicroelectronics.X-CUBE-AI.8.1.0
2023-11-27 09:11:05,667 [WARN] ConditionMgr:438 - getConditionDescription Invalid condition id : LAN8742 Phy interface Condition cause : null
2023-11-27 09:11:05,668 [WARN] PackLoader:240 - Cannot read IP mode file for STMicroelectronics.X-CUBE-AZRTOS-L4.2.0.0
2023-11-27 09:11:05,669 [WARN] ConditionMgr:1039 - genDependencies : Invalid condition id : LAN8742 Phy interface Condition cause : null
2023-11-27 09:11:05,670 [WARN] ConditionMgr:1039 - genDependencies : Invalid condition id : LAN8742 Phy interface Condition cause : null
2023-11-27 09:11:05,670 [WARN] ConditionMgr:1039 - genDependencies : Invalid condition id : LAN8742 Phy interface Condition cause : null
2023-11-27 09:11:05,686 [WARN] PackLoader:240 - Cannot read IP mode file for STMicroelectronics.X-CUBE-SFXS2LP1.4.0.0
2023-11-27 09:11:05,699 [WARN] PackLoader:240 - Cannot read IP mode file for STMicroelectronics.X-CUBE-ISPU.1.1.0
2023-11-27 09:11:05,724 [WARN] ConditionMgr:438 - getConditionDescription Invalid condition id : UX DEVICE CLASS RTOS Condition cause : null
2023-11-27 09:11:05,724 [WARN] ConditionMgr:438 - getConditionDescription Invalid condition id : UX DEVICE CLASS RTOS Condition cause : null
2023-11-27 09:11:05,726 [WARN] PackLoader:240 - Cannot read IP mode file for STMicroelectronics.X-CUBE-AZRTOS-WB.2.0.0
2023-11-27 09:11:05,727 [WARN] ConditionMgr:1039 - genDependencies : Invalid condition id : UX DEVICE CLASS RTOS Condition cause : null
2023-11-27 09:11:05,727 [WARN] ConditionMgr:1039 - genDependencies : Invalid condition id : UX DEVICE CLASS RTOS Condition cause : null
2023-11-27 09:11:05,727 [WARN] ConditionMgr:1039 - genDependencies : Invalid condition id : UX DEVICE CLASS RTOS Condition cause : null
2023-11-27 09:11:05,727 [WARN] ConditionMgr:1039 - genDependencies : Invalid condition id : UX DEVICE CLASS RTOS Condition cause : null
2023-11-27 09:11:05,727 [WARN] ConditionMgr:1039 - genDependencies : Invalid condition id : UX DEVICE CLASS RTOS Condition cause : null
2023-11-27 09:11:05,741 [WARN] PackLoader:240 - Cannot read IP mode file for STMicroelectronics.X-CUBE-FREERTOS.1.0.1
2023-11-27 09:11:05,766 [WARN] PackLoader:240 - Cannot read IP mode file for STMicroelectronics.X-CUBE-AZRTOS-L5.1.1.0
2023-11-27 09:11:05,780 [WARN] PackLoader:240 - Cannot read IP mode file for STMicroelectronics.X-CUBE-AI.8.0.1
2023-11-27 09:11:05,799 [WARN] PackLoader:240 - Cannot read IP mode file for STMicroelectronics.X-CUBE-SUBG2.5.0.0
2023-11-27 09:11:05,825 [WARN] PackLoader:240 - Cannot read IP mode file for STMicroelectronics.X-CUBE-TOF1.3.3.1
2023-11-27 09:11:05,857 [WARN] PackLoader:240 - Cannot read IP mode file for STMicroelectronics.X-CUBE-AZRTOS-G4.2.0.0
2023-11-27 09:11:05,880 [WARN] PackLoader:240 - Cannot read IP mode file for Infineon.AIROC-Wi-Fi-Bluetooth-STM32.1.5.1
2023-11-27 09:11:05,893 [WARN] PackLoader:240 - Cannot read IP mode file for STMicroelectronics.FP-SNS-MOTENVWB1.1.3.0
2023-11-27 09:11:05,944 [WARN] PackLoader:240 - Cannot read IP mode file for STMicroelectronics.X-CUBE-MEMS1.10.0.0
2023-11-27 09:11:06,093 [WARN] PackLoader:240 - Cannot read IP mode file for STMicroelectronics.X-CUBE-FREERTOS.1.1.0
2023-11-27 09:11:06,109 [WARN] PackLoader:240 - Cannot read IP mode file for portGmbH.I-Cube-SoM-uGOAL.1.1.0
2023-11-27 09:11:06,124 [WARN] PackLoader:240 - Cannot read IP mode file for STMicroelectronics.X-CUBE-ALS.1.0.1
2023-11-27 09:11:06,146 [WARN] PackLoader:240 - Cannot read IP mode file for STMicroelectronics.X-CUBE-AZRTOS-WB.1.1.0
2023-11-27 09:11:06,153 [WARN] PackLoader:240 - Cannot read IP mode file for STMicroelectronics.FP-ATR-ASTRA1.2.0.0
2023-11-27 09:11:06,163 [WARN] PackLoader:240 - Cannot read IP mode file for STMicroelectronics.X-CUBE-TOF1.3.4.0
2023-11-27 09:11:06,170 [INFO] ThirdParty:978 - Integrity check success = true
2023-11-27 09:11:06,170 [INFO] IntegrityCheckThread:100 - exiting critical section [integrity check]
2023-11-27 09:11:06,170 [INFO] IntegrityCheckThread:103 - End integrity checks thread
2023-11-27 09:11:17,144 [ERROR] LogOutputStream:75 - [STDERR_REDIRECT] SLF4J: Failed to load class "org.slf4j.impl.StaticLoggerBinder".
2023-11-27 09:11:17,144 [ERROR] LogOutputStream:75 - [STDERR_REDIRECT] SLF4J: Defaulting to no-operation (NOP) logger implementation
2023-11-27 09:11:17,145 [ERROR] LogOutputStream:75 - [STDERR_REDIRECT] SLF4J: See http://www.slf4j.org/codes.html#StaticLoggerBinder for further details.
