20:20:57 **** Incremental Build of configuration Debug for project bluetooth_alarm ****
make -j8 all 
arm-none-eabi-gcc "../Core/Src/main.c" -mcpu=cortex-m4 -std=gnu11 -g3 -DDEBUG -DUSE_HAL_DRIVER -DSTM32F429xx -c -I../Core/Inc -I../Drivers/STM32F4xx_HAL_Driver/Inc -I../Drivers/STM32F4xx_HAL_Driver/Inc/Legacy -I../Drivers/CMSIS/Device/ST/STM32F4xx/Include -I../Drivers/CMSIS/Include -O0 -ffunction-sections -fdata-sections -Wall -fstack-usage -fcyclomatic-complexity -MMD -MP -MF"Core/Src/main.d" -MT"Core/Src/main.o" --specs=nano.specs -mfpu=fpv4-sp-d16 -mfloat-abi=hard -mthumb -o "Core/Src/main.o"
../Core/Src/main.c: In function 'update_nvitems':
../Core/Src/main.c:205:25: warning: assignment to 'uint32_t' {aka 'long unsigned int'} from 'uint8_t *' {aka 'unsigned char *'} makes integer from pointer without a cast [-Wint-conversion]
  205 |                 Address = (uint8_t*) nv_items + i;
      |                         ^
../Core/Src/main.c: In function 'HAL_TIM_PeriodElapsedCallback':
../Core/Src/main.c:241:17: warning: implicit declaration of function 'joyStick_btn_chk' [-Wimplicit-function-declaration]
  241 |                 joyStick_btn_chk();
      |                 ^~~~~~~~~~~~~~~~
../Core/Src/main.c: In function 'showCurrentTime':
../Core/Src/main.c:264:17: warning: statement with no effect [-Wunused-value]
  264 |         RTC_Time.Hours;
      |         ~~~~~~~~^~~~~~
../Core/Src/main.c:265:17: warning: statement with no effect [-Wunused-value]
  265 |         RTC_Time.Minutes;
      |         ~~~~~~~~^~~~~~~~
../Core/Src/main.c:266:17: warning: statement with no effect [-Wunused-value]
  266 |         RTC_Time.Seconds;
      |         ~~~~~~~~^~~~~~~~
../Core/Src/main.c:271:9: warning: implicit declaration of function 'LCD_SendCommand' [-Wimplicit-function-declaration]
  271 |         LCD_SendCommand(LCD_ADDR, 0b10000000);
      |         ^~~~~~~~~~~~~~~
../Core/Src/main.c:272:9: warning: implicit declaration of function 'LCD_SendString' [-Wimplicit-function-declaration]
  272 |         LCD_SendString(LCD_ADDR, "Current Time");
      |         ^~~~~~~~~~~~~~
../Core/Src/main.c: At top level:
../Core/Src/main.c:352:6: warning: conflicting types for 'joyStick_btn_chk'; have 'void()'
  352 | void joyStick_btn_chk() {
      |      ^~~~~~~~~~~~~~~~
../Core/Src/main.c:241:17: note: previous implicit declaration of 'joyStick_btn_chk' with type 'void()'
  241 |                 joyStick_btn_chk();
      |                 ^~~~~~~~~~~~~~~~
../Core/Src/main.c: In function 'main':
../Core/Src/main.c:518:27: warning: unused variable 'error' [-Wunused-variable]
  518 |         HAL_StatusTypeDef error;
      |                           ^~~~~
../Core/Src/main.c:517:23: warning: unused variable 'buf' [-Wunused-variable]
  517 |         unsigned char buf[30];
      |                       ^~~
../Core/Src/main.c:516:35: warning: unused variable 'i' [-Wunused-variable]
  516 |         unsigned int value, addr, i;
      |                                   ^
../Core/Src/main.c:516:29: warning: unused variable 'addr' [-Wunused-variable]
  516 |         unsigned int value, addr, i;
      |                             ^~~~
../Core/Src/main.c:516:22: warning: unused variable 'value' [-Wunused-variable]
  516 |         unsigned int value, addr, i;
      |                      ^~~~~
../Core/Src/main.c: In function 'readFlash':
../Core/Src/main.c:1108:27: warning: format '%x' expects argument of type 'unsigned int', but argument 2 has type 'uint32_t' {aka 'long unsigned int'} [-Wformat=]
 1108 |         printf("addr[0x%08x] = %08x\r\n", startADDR, value);
      |                        ~~~^               ~~~~~~~~~
      |                           |               |
      |                           unsigned int    uint32_t {aka long unsigned int}
      |                        %08lx
../Core/Src/main.c: In function 'update_nvitems':
../Core/Src/main.c:214:1: warning: control reaches end of non-void function [-Wreturn-type]
  214 | }
      | ^
../Core/Src/main.c: In function 'eraseFlash':
../Core/Src/main.c:1199:1: warning: control reaches end of non-void function [-Wreturn-type]
 1199 | }
      | ^
arm-none-eabi-gcc -o "bluetooth_alarm.elf" @"objects.list"   -mcpu=cortex-m4 -T"C:\Users\entwu\STM32CubeIDE\mini-projects-with-stm32f429\bluetooth_alarm\STM32F429ZITX_FLASH.ld" --specs=nosys.specs -Wl,-Map="bluetooth_alarm.map" -Wl,--gc-sections -static --specs=nano.specs -mfpu=fpv4-sp-d16 -mfloat-abi=hard -mthumb -Wl,--start-group -lc -lm -Wl,--end-group
Finished building target: bluetooth_alarm.elf
 
arm-none-eabi-size   bluetooth_alarm.elf 
arm-none-eabi-objdump -h -S  bluetooth_alarm.elf  > "bluetooth_alarm.list"
   text	   data	    bss	    dec	    hex	filename
  39796	    132	   4340	  44268	   acec	bluetooth_alarm.elf
Finished building: default.size.stdout
 
Finished building: bluetooth_alarm.list
 

20:20:58 Build Finished. 0 errors, 16 warnings. (took 1s.380ms)

